# JRE version: Java(TM) SE Runtime Environment (8.0_201-b09) (build 1.8.0_201-b09)
# Java VM: Java HotSpot(TM) 64-Bit Server VM (25.201-b09 mixed mode windows-amd64 compressed oops)
Heap:
 PSYoungGen      total 29696K, used 7665K [0x00000000e0700000, 0x00000000e2c00000, 0x0000000100000000)
  eden space 21504K, 32% used [0x00000000e0700000,0x00000000e0ddc6a8,0x00000000e1c00000)
  from space 8192K, 7% used [0x00000000e2400000,0x00000000e24a0010,0x00000000e2c00000)
  to   space 8192K, 0% used [0x00000000e1c00000,0x00000000e1c00000,0x00000000e2400000)
 ParOldGen       total 65536K, used 11458K [0x00000000a1400000, 0x00000000a5400000, 0x00000000e0700000)
  object space 65536K, 17% used [0x00000000a1400000,0x00000000a1f30860,0x00000000a5400000)
 Metaspace       used 19230K, capacity 19936K, committed 20096K, reserved 1067008K
  class space    used 2444K, capacity 2652K, committed 2688K, reserved 1048576K
GC Heap History (10 events):
Event: 79.653 GC heap before
{Heap before GC invocations=10 (full 0):
 PSYoungGen      total 22528K, used 22421K [0x00000000e0700000, 0x00000000e2d80000, 0x0000000100000000)
  eden space 22016K, 99% used [0x00000000e0700000,0x00000000e1c6d7e0,0x00000000e1c80000)
  from space 512K, 93% used [0x00000000e1d00000,0x00000000e1d77fa8,0x00000000e1d80000)
  to   space 8704K, 0% used [0x00000000e2500000,0x00000000e2500000,0x00000000e2d80000)
 ParOldGen       total 65536K, used 10374K [0x00000000a1400000, 0x00000000a5400000, 0x00000000e0700000)
  object space 65536K, 15% used [0x00000000a1400000,0x00000000a1e21a70,0x00000000a5400000)
 Metaspace       used 19055K, capacity 19806K, committed 20096K, reserved 1067008K
  class space    used 2417K, capacity 2633K, committed 2688K, reserved 1048576K
Event: 79.654 GC heap after
Heap after GC invocations=10 (full 0):
 PSYoungGen      total 29696K, used 428K [0x00000000e0700000, 0x00000000e2d00000, 0x0000000100000000)
  eden space 21504K, 0% used [0x00000000e0700000,0x00000000e0700000,0x00000000e1c00000)
  from space 8192K, 5% used [0x00000000e2500000,0x00000000e256b360,0x00000000e2d00000)
  to   space 8704K, 0% used [0x00000000e1c00000,0x00000000e1c00000,0x00000000e2480000)
 ParOldGen       total 65536K, used 10374K [0x00000000a1400000, 0x00000000a5400000, 0x00000000e0700000)
  object space 65536K, 15% used [0x00000000a1400000,0x00000000a1e21a70,0x00000000a5400000)
 Metaspace       used 19055K, capacity 19806K, committed 20096K, reserved 1067008K
  class space    used 2417K, capacity 2633K, committed 2688K, reserved 1048576K
}
Event: 82.818 GC heap before
{Heap before GC invocations=11 (full 0):
 PSYoungGen      total 29696K, used 21802K [0x00000000e0700000, 0x00000000e2d00000, 0x0000000100000000)
  eden space 21504K, 99% used [0x00000000e0700000,0x00000000e1bdf548,0x00000000e1c00000)
  from space 8192K, 5% used [0x00000000e2500000,0x00000000e256b360,0x00000000e2d00000)
  to   space 8704K, 0% used [0x00000000e1c00000,0x00000000e1c00000,0x00000000e2480000)
 ParOldGen       total 65536K, used 10374K [0x00000000a1400000, 0x00000000a5400000, 0x00000000e0700000)
  object space 65536K, 15% used [0x00000000a1400000,0x00000000a1e21a70,0x00000000a5400000)
 Metaspace       used 19055K, capacity 19806K, committed 20096K, reserved 1067008K
  class space    used 2417K, capacity 2633K, committed 2688K, reserved 1048576K
Event: 82.819 GC heap after
Heap after GC invocations=11 (full 0):
 PSYoungGen      total 30208K, used 363K [0x00000000e0700000, 0x00000000e2d00000, 0x0000000100000000)
  eden space 21504K, 0% used [0x00000000e0700000,0x00000000e0700000,0x00000000e1c00000)
  from space 8704K, 4% used [0x00000000e1c00000,0x00000000e1c5acd8,0x00000000e2480000)
  to   space 8704K, 0% used [0x00000000e2480000,0x00000000e2480000,0x00000000e2d00000)
 ParOldGen       total 65536K, used 10374K [0x00000000a1400000, 0x00000000a5400000, 0x00000000e0700000)
  object space 65536K, 15% used [0x00000000a1400000,0x00000000a1e21a70,0x00000000a5400000)
 Metaspace       used 19055K, capacity 19806K, committed 20096K, reserved 1067008K
  class space    used 2417K, capacity 2633K, committed 2688K, reserved 1048576K
}
Event: 86.498 GC heap before
{Heap before GC invocations=12 (full 0):
 PSYoungGen      total 30208K, used 21867K [0x00000000e0700000, 0x00000000e2d00000, 0x0000000100000000)
  eden space 21504K, 100% used [0x00000000e0700000,0x00000000e1c00000,0x00000000e1c00000)
  from space 8704K, 4% used [0x00000000e1c00000,0x00000000e1c5acd8,0x00000000e2480000)
  to   space 8704K, 0% used [0x00000000e2480000,0x00000000e2480000,0x00000000e2d00000)
 ParOldGen       total 65536K, used 10374K [0x00000000a1400000, 0x00000000a5400000, 0x00000000e0700000)
  object space 65536K, 15% used [0x00000000a1400000,0x00000000a1e21a70,0x00000000a5400000)
 Metaspace       used 19055K, capacity 19806K, committed 20096K, reserved 1067008K
  class space    used 2417K, capacity 2633K, committed 2688K, reserved 1048576K
Event: 86.499 GC heap after
Heap after GC invocations=12 (full 0):
 PSYoungGen      total 30208K, used 494K [0x00000000e0700000, 0x00000000e2d00000, 0x0000000100000000)
  eden space 21504K, 0% used [0x00000000e0700000,0x00000000e0700000,0x00000000e1c00000)
  from space 8704K, 5% used [0x00000000e2480000,0x00000000e24fbbe8,0x00000000e2d00000)
  to   space 8704K, 0% used [0x00000000e1c00000,0x00000000e1c00000,0x00000000e2480000)
 ParOldGen       total 65536K, used 10374K [0x00000000a1400000, 0x00000000a5400000, 0x00000000e0700000)
  object space 65536K, 15% used [0x00000000a1400000,0x00000000a1e21a70,0x00000000a5400000)
 Metaspace       used 19055K, capacity 19806K, committed 20096K, reserved 1067008K
  class space    used 2417K, capacity 2633K, committed 2688K, reserved 1048576K
}
Event: 89.814 GC heap before
{Heap before GC invocations=13 (full 0):
 PSYoungGen      total 30208K, used 21998K [0x00000000e0700000, 0x00000000e2d00000, 0x0000000100000000)
  eden space 21504K, 100% used [0x00000000e0700000,0x00000000e1c00000,0x00000000e1c00000)
  from space 8704K, 5% used [0x00000000e2480000,0x00000000e24fbbe8,0x00000000e2d00000)
  to   space 8704K, 0% used [0x00000000e1c00000,0x00000000e1c00000,0x00000000e2480000)
 ParOldGen       total 65536K, used 10374K [0x00000000a1400000, 0x00000000a5400000, 0x00000000e0700000)
  object space 65536K, 15% used [0x00000000a1400000,0x00000000a1e21a70,0x00000000a5400000)
 Metaspace       used 19090K, capacity 19840K, committed 20096K, reserved 1067008K
  class space    used 2426K, capacity 2642K, committed 2688K, reserved 1048576K
Event: 89.815 GC heap after
Heap after GC invocations=13 (full 0):
 PSYoungGen      total 23040K, used 1333K [0x00000000e0700000, 0x00000000e2c00000, 0x0000000100000000)
  eden space 21504K, 0% used [0x00000000e0700000,0x00000000e0700000,0x00000000e1c00000)
  from space 1536K, 86% used [0x00000000e1c00000,0x00000000e1d4d5e0,0x00000000e1d80000)
  to   space 8192K, 0% used [0x00000000e2400000,0x00000000e2400000,0x00000000e2c00000)
 ParOldGen       total 65536K, used 10374K [0x00000000a1400000, 0x00000000a5400000, 0x00000000e0700000)
  object space 65536K, 15% used [0x00000000a1400000,0x00000000a1e21a70,0x00000000a5400000)
 Metaspace       used 19090K, capacity 19840K, committed 20096K, reserved 1067008K
  class space    used 2426K, capacity 2642K, committed 2688K, reserved 1048576K
}
Event: 92.019 GC heap before
{Heap before GC invocations=14 (full 0):
 PSYoungGen      total 23040K, used 22837K [0x00000000e0700000, 0x00000000e2c00000, 0x0000000100000000)
  eden space 21504K, 100% used [0x00000000e0700000,0x00000000e1c00000,0x00000000e1c00000)
  from space 1536K, 86% used [0x00000000e1c00000,0x00000000e1d4d5e0,0x00000000e1d80000)
  to   space 8192K, 0% used [0x00000000e2400000,0x00000000e2400000,0x00000000e2c00000)
 ParOldGen       total 65536K, used 10374K [0x00000000a1400000, 0x00000000a5400000, 0x00000000e0700000)
  object space 65536K, 15% used [0x00000000a1400000,0x00000000a1e21a70,0x00000000a5400000)
 Metaspace       used 19090K, capacity 19840K, committed 20096K, reserved 1067008K
  class space    used 2426K, capacity 2642K, committed 2688K, reserved 1048576K
Event: 92.020 GC heap after
Heap after GC invocations=14 (full 0):
 PSYoungGen      total 29696K, used 640K [0x00000000e0700000, 0x00000000e2c00000, 0x0000000100000000)
  eden space 21504K, 0% used [0x00000000e0700000,0x00000000e0700000,0x00000000e1c00000)
  from space 8192K, 7% used [0x00000000e2400000,0x00000000e24a0010,0x00000000e2c00000)
  to   space 8192K, 0% used [0x00000000e1c00000,0x00000000e1c00000,0x00000000e2400000)
 ParOldGen       total 65536K, used 11458K [0x00000000a1400000, 0x00000000a5400000, 0x00000000e0700000)
  object space 65536K, 17% used [0x00000000a1400000,0x00000000a1f30860,0x00000000a5400000)
 Metaspace       used 19090K, capacity 19840K, committed 20096K, reserved 1067008K
  class space    used 2426K, capacity 2642K, committed 2688K, reserved 1048576K
}

