# JRE version: Java(TM) SE Runtime Environment (8.0_201-b09) (build 1.8.0_201-b09)
# Java VM: Java HotSpot(TM) 64-Bit Server VM (25.201-b09 mixed mode windows-amd64 compressed oops)
Heap:
 PSYoungGen      total 30208K, used 19184K [0x00000000e0700000, 0x00000000e2d80000, 0x0000000100000000)
  eden space 23040K, 77% used [0x00000000e0700000,0x00000000e188c4b0,0x00000000e1d80000)
  from space 7168K, 16% used [0x00000000e1e00000,0x00000000e1f2fbf8,0x00000000e2500000)
  to   space 8192K, 0% used [0x00000000e2580000,0x00000000e2580000,0x00000000e2d80000)
 ParOldGen       total 65536K, used 9583K [0x00000000a1400000, 0x00000000a5400000, 0x00000000e0700000)
  object space 65536K, 14% used [0x00000000a1400000,0x00000000a1d5bcf8,0x00000000a5400000)
 Metaspace       used 18992K, capacity 19678K, committed 19840K, reserved 1067008K
  class space    used 2421K, capacity 2633K, committed 2688K, reserved 1048576K
GC Heap History (10 events):
Event: 16.610 GC heap before
{Heap before GC invocations=3 (full 0):
 PSYoungGen      total 28672K, used 28656K [0x00000000e0700000, 0x00000000e2700000, 0x0000000100000000)
  eden space 24576K, 100% used [0x00000000e0700000,0x00000000e1f00000,0x00000000e1f00000)
  from space 4096K, 99% used [0x00000000e2300000,0x00000000e26fc040,0x00000000e2700000)
  to   space 4096K, 0% used [0x00000000e1f00000,0x00000000e1f00000,0x00000000e2300000)
 ParOldGen       total 65536K, used 2677K [0x00000000a1400000, 0x00000000a5400000, 0x00000000e0700000)
  object space 65536K, 4% used [0x00000000a1400000,0x00000000a169d6d8,0x00000000a5400000)
 Metaspace       used 17818K, capacity 18552K, committed 18688K, reserved 1064960K
  class space    used 2271K, capacity 2472K, committed 2560K, reserved 1048576K
Event: 16.617 GC heap after
Heap after GC invocations=3 (full 0):
 PSYoungGen      total 28672K, used 4092K [0x00000000e0700000, 0x00000000e2700000, 0x0000000100000000)
  eden space 24576K, 0% used [0x00000000e0700000,0x00000000e0700000,0x00000000e1f00000)
  from space 4096K, 99% used [0x00000000e1f00000,0x00000000e22ff088,0x00000000e2300000)
  to   space 4096K, 0% used [0x00000000e2300000,0x00000000e2300000,0x00000000e2700000)
 ParOldGen       total 65536K, used 5266K [0x00000000a1400000, 0x00000000a5400000, 0x00000000e0700000)
  object space 65536K, 8% used [0x00000000a1400000,0x00000000a1924898,0x00000000a5400000)
 Metaspace       used 17818K, capacity 18552K, committed 18688K, reserved 1064960K
  class space    used 2271K, capacity 2472K, committed 2560K, reserved 1048576K
}
Event: 22.849 GC heap before
{Heap before GC invocations=4 (full 0):
 PSYoungGen      total 28672K, used 28668K [0x00000000e0700000, 0x00000000e2700000, 0x0000000100000000)
  eden space 24576K, 100% used [0x00000000e0700000,0x00000000e1f00000,0x00000000e1f00000)
  from space 4096K, 99% used [0x00000000e1f00000,0x00000000e22ff088,0x00000000e2300000)
  to   space 4096K, 0% used [0x00000000e2300000,0x00000000e2300000,0x00000000e2700000)
 ParOldGen       total 65536K, used 5266K [0x00000000a1400000, 0x00000000a5400000, 0x00000000e0700000)
  object space 65536K, 8% used [0x00000000a1400000,0x00000000a1924898,0x00000000a5400000)
 Metaspace       used 18602K, capacity 19288K, committed 19584K, reserved 1067008K
  class space    used 2366K, capacity 2568K, committed 2688K, reserved 1048576K
Event: 22.853 GC heap after
Heap after GC invocations=4 (full 0):
 PSYoungGen      total 28672K, used 4064K [0x00000000e0700000, 0x00000000e2700000, 0x0000000100000000)
  eden space 24576K, 0% used [0x00000000e0700000,0x00000000e0700000,0x00000000e1f00000)
  from space 4096K, 99% used [0x00000000e2300000,0x00000000e26f8030,0x00000000e2700000)
  to   space 4096K, 0% used [0x00000000e1f00000,0x00000000e1f00000,0x00000000e2300000)
 ParOldGen       total 65536K, used 5716K [0x00000000a1400000, 0x00000000a5400000, 0x00000000e0700000)
  object space 65536K, 8% used [0x00000000a1400000,0x00000000a19953e8,0x00000000a5400000)
 Metaspace       used 18602K, capacity 19288K, committed 19584K, reserved 1067008K
  class space    used 2366K, capacity 2568K, committed 2688K, reserved 1048576K
}
Event: 77.192 GC heap before
{Heap before GC invocations=5 (full 0):
 PSYoungGen      total 28672K, used 28640K [0x00000000e0700000, 0x00000000e2700000, 0x0000000100000000)
  eden space 24576K, 100% used [0x00000000e0700000,0x00000000e1f00000,0x00000000e1f00000)
  from space 4096K, 99% used [0x00000000e2300000,0x00000000e26f8030,0x00000000e2700000)
  to   space 4096K, 0% used [0x00000000e1f00000,0x00000000e1f00000,0x00000000e2300000)
 ParOldGen       total 65536K, used 5716K [0x00000000a1400000, 0x00000000a5400000, 0x00000000e0700000)
  object space 65536K, 8% used [0x00000000a1400000,0x00000000a19953e8,0x00000000a5400000)
 Metaspace       used 18965K, capacity 19678K, committed 19840K, reserved 1067008K
  class space    used 2419K, capacity 2633K, committed 2688K, reserved 1048576K
Event: 77.196 GC heap after
Heap after GC invocations=5 (full 0):
 PSYoungGen      total 28160K, used 4094K [0x00000000e0700000, 0x00000000e2c80000, 0x0000000100000000)
  eden space 24064K, 0% used [0x00000000e0700000,0x00000000e0700000,0x00000000e1e80000)
  from space 4096K, 99% used [0x00000000e1f00000,0x00000000e22ff858,0x00000000e2300000)
  to   space 7168K, 0% used [0x00000000e2580000,0x00000000e2580000,0x00000000e2c80000)
 ParOldGen       total 65536K, used 6510K [0x00000000a1400000, 0x00000000a5400000, 0x00000000e0700000)
  object space 65536K, 9% used [0x00000000a1400000,0x00000000a1a5b9e8,0x00000000a5400000)
 Metaspace       used 18965K, capacity 19678K, committed 19840K, reserved 1067008K
  class space    used 2419K, capacity 2633K, committed 2688K, reserved 1048576K
}
Event: 110.503 GC heap before
{Heap before GC invocations=6 (full 0):
 PSYoungGen      total 28160K, used 28158K [0x00000000e0700000, 0x00000000e2c80000, 0x0000000100000000)
  eden space 24064K, 100% used [0x00000000e0700000,0x00000000e1e80000,0x00000000e1e80000)
  from space 4096K, 99% used [0x00000000e1f00000,0x00000000e22ff858,0x00000000e2300000)
  to   space 7168K, 0% used [0x00000000e2580000,0x00000000e2580000,0x00000000e2c80000)
 ParOldGen       total 65536K, used 6510K [0x00000000a1400000, 0x00000000a5400000, 0x00000000e0700000)
  object space 65536K, 9% used [0x00000000a1400000,0x00000000a1a5b9e8,0x00000000a5400000)
 Metaspace       used 18965K, capacity 19678K, committed 19840K, reserved 1067008K
  class space    used 2419K, capacity 2633K, committed 2688K, reserved 1048576K
Event: 110.507 GC heap after
Heap after GC invocations=6 (full 0):
 PSYoungGen      total 30208K, used 4271K [0x00000000e0700000, 0x00000000e2c00000, 0x0000000100000000)
  eden space 23552K, 0% used [0x00000000e0700000,0x00000000e0700000,0x00000000e1e00000)
  from space 6656K, 64% used [0x00000000e2580000,0x00000000e29abc18,0x00000000e2c00000)
  to   space 7168K, 0% used [0x00000000e1e00000,0x00000000e1e00000,0x00000000e2500000)
 ParOldGen       total 65536K, used 6510K [0x00000000a1400000, 0x00000000a5400000, 0x00000000e0700000)
  object space 65536K, 9% used [0x00000000a1400000,0x00000000a1a5b9e8,0x00000000a5400000)
 Metaspace       used 18965K, capacity 19678K, committed 19840K, reserved 1067008K
  class space    used 2419K, capacity 2633K, committed 2688K, reserved 1048576K
}
Event: 133.567 GC heap before
{Heap before GC invocations=7 (full 0):
 PSYoungGen      total 30208K, used 27823K [0x00000000e0700000, 0x00000000e2c00000, 0x0000000100000000)
  eden space 23552K, 100% used [0x00000000e0700000,0x00000000e1e00000,0x00000000e1e00000)
  from space 6656K, 64% used [0x00000000e2580000,0x00000000e29abc18,0x00000000e2c00000)
  to   space 7168K, 0% used [0x00000000e1e00000,0x00000000e1e00000,0x00000000e2500000)
 ParOldGen       total 65536K, used 6510K [0x00000000a1400000, 0x00000000a5400000, 0x00000000e0700000)
  object space 65536K, 9% used [0x00000000a1400000,0x00000000a1a5b9e8,0x00000000a5400000)
 Metaspace       used 18965K, capacity 19678K, committed 19840K, reserved 1067008K
  class space    used 2419K, capacity 2633K, committed 2688K, reserved 1048576K
Event: 133.571 GC heap after
Heap after GC invocations=7 (full 0):
 PSYoungGen      total 30208K, used 1214K [0x00000000e0700000, 0x00000000e2d80000, 0x0000000100000000)
  eden space 23040K, 0% used [0x00000000e0700000,0x00000000e0700000,0x00000000e1d80000)
  from space 7168K, 16% used [0x00000000e1e00000,0x00000000e1f2fbf8,0x00000000e2500000)
  to   space 8192K, 0% used [0x00000000e2580000,0x00000000e2580000,0x00000000e2d80000)
 ParOldGen       total 65536K, used 9583K [0x00000000a1400000, 0x00000000a5400000, 0x00000000e0700000)
  object space 65536K, 14% used [0x00000000a1400000,0x00000000a1d5bcf8,0x00000000a5400000)
 Metaspace       used 18965K, capacity 19678K, committed 19840K, reserved 1067008K
  class space    used 2419K, capacity 2633K, committed 2688K, reserved 1048576K
}

