<?xml version="1.0" encoding="UTF-8"?>
<!-- Generated by org.testng.reporters.JUnitXMLReporter -->
<testsuite hostname="IR-257" name="Test" tests="2" failures="0" timestamp="8 Mar 2021 14:25:44 GMT" time="81.394" errors="0">
  <testcase name="@AfterClass logOut" time="0.0" classname="testcases.Home_TestCase">
    <failure type="java.lang.AssertionError" message="expected [false] but found [true]">
      <![CDATA[java.lang.AssertionError: expected [false] but found [true]
	at testcases.Home_TestCase.logOut(Home_TestCase.java:124)
... Removed 29 stack frames]]>
    </failure>
  </testcase> <!-- @AfterClass logOut -->
  <testcase name="loginValidations" time="16.605" classname="testcases.Login_TestCase"/>
  <testcase name="checkingfavoriteIcons" time="54.831" classname="testcases.Home_TestCase"/>
</testsuite> <!-- Test -->
